Arguments: 
  /usr/bin/node /usr/bin/yarn add cargo-cp-artifact

PATH: 
  /home/varunp/.cargo/bin:/usr/local/sbin:/usr/local/bin:/usr/bin:/usr/bin/site_perl:/usr/bin/vendor_perl:/usr/bin/core_perl

Yarn version: 
  1.22.11

Node version: 
  16.6.1

Platform: 
  linux x64

Trace: 
  SyntaxError: /home/varunp/Documents/web/package.json: Unexpected token } in JSON at position 337
      at JSON.parse (<anonymous>)
      at /usr/lib/node_modules/yarn/lib/cli.js:1625:59
      at Generator.next (<anonymous>)
      at step (/usr/lib/node_modules/yarn/lib/cli.js:310:30)
      at /usr/lib/node_modules/yarn/lib/cli.js:321:13

npm manifest: 
  {
    "name": "@jsx-one/jsx-one",
    "version": "0.0.1",
    "description": "",
    "main": "index.node",
    "scripts": {
      "build": "cargo-cp-artifact -nc index.node -- cargo build --message-format=json-render-diagnostics --release",
      "install": "npm run build --release",
      "test": "cargo test"
    },
    "author": "",
    "license": "ISC",
  }

yarn manifest: 
  No manifest

Lockfile: 
  # THIS IS AN AUTOGENERATED FILE. DO NOT EDIT THIS FILE DIRECTLY.
  # yarn lockfile v1
  
  
  cargo-cp-artifact@^0.1.4:
    version "0.1.4"
    resolved "https://registry.yarnpkg.com/cargo-cp-artifact/-/cargo-cp-artifact-0.1.4.tgz#1551500e6b1422e27c4da6de38deaac0a55466f9"
    integrity sha512-34yUas8aUENHGdk6JhLkV4ol0GLtP78YgqpsRDmmnpADy9JoTg/DgKM3CRHAeozTRNhKoPaRFhV+BxoqkmoKUA==
